<?xml version="1.0" encoding="UTF-8" ?>
<testsuite failures="0" time="92.436" errors="0" skipped="0" tests="2" name="TestSuite">
  <properties>
    <property name="java.runtime.name" value="Java(TM) SE Runtime Environment"/>
    <property name="sun.boot.library.path" value="C:\Program Files\Java\jdk1.7.0_51\jre\bin"/>
    <property name="java.vm.version" value="24.51-b03"/>
    <property name="java.vm.vendor" value="Oracle Corporation"/>
    <property name="java.vendor.url" value="http://java.oracle.com/"/>
    <property name="path.separator" value=";"/>
    <property name="java.vm.name" value="Java HotSpot(TM) 64-Bit Server VM"/>
    <property name="file.encoding.pkg" value="sun.io"/>
    <property name="user.script" value=""/>
    <property name="user.country" value="RU"/>
    <property name="sun.java.launcher" value="SUN_STANDARD"/>
    <property name="sun.os.patch.level" value="Service Pack 1"/>
    <property name="java.vm.specification.name" value="Java Virtual Machine Specification"/>
    <property name="user.dir" value="D:\QA\workspace\EbayTest"/>
    <property name="java.runtime.version" value="1.7.0_51-b13"/>
    <property name="java.awt.graphicsenv" value="sun.awt.Win32GraphicsEnvironment"/>
    <property name="basedir" value="D:\QA\workspace\EbayTest"/>
    <property name="java.endorsed.dirs" value="C:\Program Files\Java\jdk1.7.0_51\jre\lib\endorsed"/>
    <property name="os.arch" value="amd64"/>
    <property name="surefire.real.class.path" value="D:\QA\workspace\EbayTest\target\surefire\surefirebooter3871094172552860541.jar"/>
    <property name="java.io.tmpdir" value="C:\Users\mahas\AppData\Local\Temp\"/>
    <property name="line.separator" value="
"/>
    <property name="java.vm.specification.vendor" value="Oracle Corporation"/>
    <property name="user.variant" value=""/>
    <property name="os.name" value="Windows 7"/>
    <property name="sun.jnu.encoding" value="Cp1251"/>
    <property name="java.library.path" value="C:\Program Files\Java\jdk1.7.0_51\jre\bin;C:\Windows\Sun\Java\bin;C:\Windows\system32;C:\Windows;C:\Program Files (x86)\PC Connectivity Solution\;C:\Python34\;C:\Python34\Scripts;C:\Program Files (x86)\AMD APP\bin\x86_64;C:\Program Files (x86)\AMD APP\bin\x86;C:\Windows\system32;C:\Windows;C:\Windows\System32\Wbem;C:\Windows\System32\WindowsPowerShell\v1.0\;C:\Program Files (x86)\ATI Technologies\ATI.ACE\Core-Static;C:\Program Files (x86)\Microsoft SQL Server\90\Tools\binn\;C:\Program Files\Calibre2\;C:\Program Files\MySQL\MySQL Enterprise Backup 3.10.1\;C:\Program Files (x86)\MySQL\MySQL Utilities 1.3.6\;C:\Program Files\Maven\\bin;C:\Program Files\Java\jre7\bin;C:\Program Files\TortoiseGit\bin;."/>
    <property name="surefire.test.class.path" value="D:\QA\workspace\EbayTest\target\test-classes;D:\QA\workspace\EbayTest\target\classes;C:\Users\mahas\.m2\repository\org\testng\testng\6.8.8\testng-6.8.8.jar;C:\Users\mahas\.m2\repository\org\beanshell\bsh\2.0b4\bsh-2.0b4.jar;C:\Users\mahas\.m2\repository\com\beust\jcommander\1.27\jcommander-1.27.jar;C:\Users\mahas\.m2\repository\org\seleniumhq\selenium\selenium-java\2.42.2\selenium-java-2.42.2.jar;C:\Users\mahas\.m2\repository\org\seleniumhq\selenium\selenium-htmlunit-driver\2.42.2\selenium-htmlunit-driver-2.42.2.jar;C:\Users\mahas\.m2\repository\net\sourceforge\htmlunit\htmlunit\2.14\htmlunit-2.14.jar;C:\Users\mahas\.m2\repository\xalan\xalan\2.7.1\xalan-2.7.1.jar;C:\Users\mahas\.m2\repository\xalan\serializer\2.7.1\serializer-2.7.1.jar;C:\Users\mahas\.m2\repository\commons-collections\commons-collections\3.2.1\commons-collections-3.2.1.jar;C:\Users\mahas\.m2\repository\org\apache\commons\commons-lang3\3.2.1\commons-lang3-3.2.1.jar;C:\Users\mahas\.m2\repository\org\apache\httpcomponents\httpmime\4.3.2\httpmime-4.3.2.jar;C:\Users\mahas\.m2\repository\commons-codec\commons-codec\1.9\commons-codec-1.9.jar;C:\Users\mahas\.m2\repository\net\sourceforge\htmlunit\htmlunit-core-js\2.14\htmlunit-core-js-2.14.jar;C:\Users\mahas\.m2\repository\xerces\xercesImpl\2.11.0\xercesImpl-2.11.0.jar;C:\Users\mahas\.m2\repository\xml-apis\xml-apis\1.4.01\xml-apis-1.4.01.jar;C:\Users\mahas\.m2\repository\net\sourceforge\nekohtml\nekohtml\1.9.20\nekohtml-1.9.20.jar;C:\Users\mahas\.m2\repository\net\sourceforge\cssparser\cssparser\0.9.13\cssparser-0.9.13.jar;C:\Users\mahas\.m2\repository\org\w3c\css\sac\1.3\sac-1.3.jar;C:\Users\mahas\.m2\repository\commons-logging\commons-logging\1.1.3\commons-logging-1.1.3.jar;C:\Users\mahas\.m2\repository\org\eclipse\jetty\jetty-websocket\8.1.14.v20131031\jetty-websocket-8.1.14.v20131031.jar;C:\Users\mahas\.m2\repository\org\eclipse\jetty\jetty-util\8.1.14.v20131031\jetty-util-8.1.14.v20131031.jar;C:\Users\mahas\.m2\repository\org\eclipse\jetty\jetty-io\8.1.14.v20131031\jetty-io-8.1.14.v20131031.jar;C:\Users\mahas\.m2\repository\org\eclipse\jetty\jetty-http\8.1.14.v20131031\jetty-http-8.1.14.v20131031.jar;C:\Users\mahas\.m2\repository\org\apache\httpcomponents\httpclient\4.3.2\httpclient-4.3.2.jar;C:\Users\mahas\.m2\repository\org\apache\httpcomponents\httpcore\4.3.1\httpcore-4.3.1.jar;C:\Users\mahas\.m2\repository\org\seleniumhq\selenium\selenium-firefox-driver\2.42.2\selenium-firefox-driver-2.42.2.jar;C:\Users\mahas\.m2\repository\commons-io\commons-io\2.4\commons-io-2.4.jar;C:\Users\mahas\.m2\repository\org\apache\commons\commons-exec\1.1\commons-exec-1.1.jar;C:\Users\mahas\.m2\repository\org\seleniumhq\selenium\selenium-safari-driver\2.42.2\selenium-safari-driver-2.42.2.jar;C:\Users\mahas\.m2\repository\org\seleniumhq\selenium\selenium-support\2.42.2\selenium-support-2.42.2.jar;C:\Users\mahas\.m2\repository\org\webbitserver\webbit\0.4.14\webbit-0.4.14.jar;C:\Users\mahas\.m2\repository\io\netty\netty\3.5.2.Final\netty-3.5.2.Final.jar;C:\Users\mahas\.m2\repository\org\seleniumhq\selenium\selenium-api\2.42.2\selenium-api-2.42.2.jar;C:\Users\mahas\.m2\repository\com\google\guava\guava\15.0\guava-15.0.jar;C:\Users\mahas\.m2\repository\org\json\json\20080701\json-20080701.jar;C:\Users\mahas\.m2\repository\org\sikuli\sikuli-api\1.1.0\sikuli-api-1.1.0.jar;C:\Users\mahas\.m2\repository\org\sikuli\sikuli-core\1.1.3\sikuli-core-1.1.3.jar;C:\Users\mahas\.m2\repository\com\googlecode\javacpp\javacpp\0.1\javacpp-0.1.jar;C:\Users\mahas\.m2\repository\com\googlecode\javacv\javacv\0.1\javacv-0.1.jar;C:\Users\mahas\.m2\repository\com\googlecode\javacv\javacv\0.1\javacv-0.1-macosx-x86_64.jar;C:\Users\mahas\.m2\repository\com\googlecode\javacv\javacv\0.1\javacv-0.1-windows-x86.jar;C:\Users\mahas\.m2\repository\com\googlecode\javacv\javacv\0.1\javacv-0.1-windows-x86_64.jar;C:\Users\mahas\.m2\repository\com\googlecode\javacv\javacv\0.1\javacv-0.1-linux-x86_64.jar;C:\Users\mahas\.m2\repository\com\googlecode\javacv\javacv\0.1\javacv-0.1-linux-x86.jar;C:\Users\mahas\.m2\repository\org\antlr\stringtemplate\4.0.2\stringtemplate-4.0.2.jar;C:\Users\mahas\.m2\repository\org\antlr\antlr-runtime\3.3\antlr-runtime-3.3.jar;C:\Users\mahas\.m2\repository\org\piccolo2d\piccolo2d-extras\1.3.1\piccolo2d-extras-1.3.1.jar;C:\Users\mahas\.m2\repository\org\piccolo2d\piccolo2d-core\1.3.1\piccolo2d-core-1.3.1.jar;C:\Users\mahas\.m2\repository\com\jgoodies\looks\2.2.2\looks-2.2.2.jar;C:\Users\mahas\.m2\repository\org\sikuli\sikuli-webdriver\1.0.1\sikuli-webdriver-1.0.1.jar;C:\Users\mahas\.m2\repository\org\slf4j\slf4j-api\1.7.2\slf4j-api-1.7.2.jar;C:\Users\mahas\.m2\repository\ru\stqa\selenium\webdriver-factory\1.1.41\webdriver-factory-1.1.41.jar;C:\Users\mahas\.m2\repository\com\opera\operadriver\1.5\operadriver-1.5.jar;C:\Users\mahas\.m2\repository\com\opera\operalaunchers\1.1\operalaunchers-1.1.jar;C:\Users\mahas\.m2\repository\com\google\protobuf\protobuf-java\2.4.1\protobuf-java-2.4.1.jar;C:\Users\mahas\.m2\repository\commons-jxpath\commons-jxpath\1.3\commons-jxpath-1.3.jar;C:\Users\mahas\.m2\repository\org\ini4j\ini4j\0.5.2\ini4j-0.5.2.jar;C:\Users\mahas\.m2\repository\com\github\detro\ghostdriver\phantomjsdriver\1.1.0\phantomjsdriver-1.1.0.jar;C:\Users\mahas\.m2\repository\junit\junit\4.11\junit-4.11.jar;C:\Users\mahas\.m2\repository\org\hamcrest\hamcrest-core\1.3\hamcrest-core-1.3.jar;C:\Users\mahas\.m2\repository\org\seleniumhq\selenium\selenium-chrome-driver\2.42.2\selenium-chrome-driver-2.42.2.jar;C:\Users\mahas\.m2\repository\org\seleniumhq\selenium\selenium-remote-driver\2.42.2\selenium-remote-driver-2.42.2.jar;C:\Users\mahas\.m2\repository\cglib\cglib-nodep\2.1_3\cglib-nodep-2.1_3.jar;C:\Users\mahas\.m2\repository\org\seleniumhq\selenium\selenium-ie-driver\2.42.2\selenium-ie-driver-2.42.2.jar;C:\Users\mahas\.m2\repository\net\java\dev\jna\jna\3.4.0\jna-3.4.0.jar;C:\Users\mahas\.m2\repository\net\java\dev\jna\platform\3.4.0\platform-3.4.0.jar;C:\Users\mahas\.m2\repository\org\apache\maven\surefire\surefire-testng-utils\2.8.1\surefire-testng-utils-2.8.1.jar;"/>
    <property name="sun.awt.enableExtraMouseButtons" value="true"/>
    <property name="java.specification.name" value="Java Platform API Specification"/>
    <property name="java.class.version" value="51.0"/>
    <property name="sun.management.compiler" value="HotSpot 64-Bit Tiered Compilers"/>
    <property name="os.version" value="6.1"/>
    <property name="user.home" value="C:\Users\mahas"/>
    <property name="user.timezone" value="Europe/Helsinki"/>
    <property name="java.awt.printerjob" value="sun.awt.windows.WPrinterJob"/>
    <property name="java.specification.version" value="1.7"/>
    <property name="file.encoding" value="Cp1251"/>
    <property name="user.name" value="mahas"/>
    <property name="java.class.path" value="D:\QA\workspace\EbayTest\target\test-classes;D:\QA\workspace\EbayTest\target\classes;C:\Users\mahas\.m2\repository\org\testng\testng\6.8.8\testng-6.8.8.jar;C:\Users\mahas\.m2\repository\org\beanshell\bsh\2.0b4\bsh-2.0b4.jar;C:\Users\mahas\.m2\repository\com\beust\jcommander\1.27\jcommander-1.27.jar;C:\Users\mahas\.m2\repository\org\seleniumhq\selenium\selenium-java\2.42.2\selenium-java-2.42.2.jar;C:\Users\mahas\.m2\repository\org\seleniumhq\selenium\selenium-htmlunit-driver\2.42.2\selenium-htmlunit-driver-2.42.2.jar;C:\Users\mahas\.m2\repository\net\sourceforge\htmlunit\htmlunit\2.14\htmlunit-2.14.jar;C:\Users\mahas\.m2\repository\xalan\xalan\2.7.1\xalan-2.7.1.jar;C:\Users\mahas\.m2\repository\xalan\serializer\2.7.1\serializer-2.7.1.jar;C:\Users\mahas\.m2\repository\commons-collections\commons-collections\3.2.1\commons-collections-3.2.1.jar;C:\Users\mahas\.m2\repository\org\apache\commons\commons-lang3\3.2.1\commons-lang3-3.2.1.jar;C:\Users\mahas\.m2\repository\org\apache\httpcomponents\httpmime\4.3.2\httpmime-4.3.2.jar;C:\Users\mahas\.m2\repository\commons-codec\commons-codec\1.9\commons-codec-1.9.jar;C:\Users\mahas\.m2\repository\net\sourceforge\htmlunit\htmlunit-core-js\2.14\htmlunit-core-js-2.14.jar;C:\Users\mahas\.m2\repository\xerces\xercesImpl\2.11.0\xercesImpl-2.11.0.jar;C:\Users\mahas\.m2\repository\xml-apis\xml-apis\1.4.01\xml-apis-1.4.01.jar;C:\Users\mahas\.m2\repository\net\sourceforge\nekohtml\nekohtml\1.9.20\nekohtml-1.9.20.jar;C:\Users\mahas\.m2\repository\net\sourceforge\cssparser\cssparser\0.9.13\cssparser-0.9.13.jar;C:\Users\mahas\.m2\repository\org\w3c\css\sac\1.3\sac-1.3.jar;C:\Users\mahas\.m2\repository\commons-logging\commons-logging\1.1.3\commons-logging-1.1.3.jar;C:\Users\mahas\.m2\repository\org\eclipse\jetty\jetty-websocket\8.1.14.v20131031\jetty-websocket-8.1.14.v20131031.jar;C:\Users\mahas\.m2\repository\org\eclipse\jetty\jetty-util\8.1.14.v20131031\jetty-util-8.1.14.v20131031.jar;C:\Users\mahas\.m2\repository\org\eclipse\jetty\jetty-io\8.1.14.v20131031\jetty-io-8.1.14.v20131031.jar;C:\Users\mahas\.m2\repository\org\eclipse\jetty\jetty-http\8.1.14.v20131031\jetty-http-8.1.14.v20131031.jar;C:\Users\mahas\.m2\repository\org\apache\httpcomponents\httpclient\4.3.2\httpclient-4.3.2.jar;C:\Users\mahas\.m2\repository\org\apache\httpcomponents\httpcore\4.3.1\httpcore-4.3.1.jar;C:\Users\mahas\.m2\repository\org\seleniumhq\selenium\selenium-firefox-driver\2.42.2\selenium-firefox-driver-2.42.2.jar;C:\Users\mahas\.m2\repository\commons-io\commons-io\2.4\commons-io-2.4.jar;C:\Users\mahas\.m2\repository\org\apache\commons\commons-exec\1.1\commons-exec-1.1.jar;C:\Users\mahas\.m2\repository\org\seleniumhq\selenium\selenium-safari-driver\2.42.2\selenium-safari-driver-2.42.2.jar;C:\Users\mahas\.m2\repository\org\seleniumhq\selenium\selenium-support\2.42.2\selenium-support-2.42.2.jar;C:\Users\mahas\.m2\repository\org\webbitserver\webbit\0.4.14\webbit-0.4.14.jar;C:\Users\mahas\.m2\repository\io\netty\netty\3.5.2.Final\netty-3.5.2.Final.jar;C:\Users\mahas\.m2\repository\org\seleniumhq\selenium\selenium-api\2.42.2\selenium-api-2.42.2.jar;C:\Users\mahas\.m2\repository\com\google\guava\guava\15.0\guava-15.0.jar;C:\Users\mahas\.m2\repository\org\json\json\20080701\json-20080701.jar;C:\Users\mahas\.m2\repository\org\sikuli\sikuli-api\1.1.0\sikuli-api-1.1.0.jar;C:\Users\mahas\.m2\repository\org\sikuli\sikuli-core\1.1.3\sikuli-core-1.1.3.jar;C:\Users\mahas\.m2\repository\com\googlecode\javacpp\javacpp\0.1\javacpp-0.1.jar;C:\Users\mahas\.m2\repository\com\googlecode\javacv\javacv\0.1\javacv-0.1.jar;C:\Users\mahas\.m2\repository\com\googlecode\javacv\javacv\0.1\javacv-0.1-macosx-x86_64.jar;C:\Users\mahas\.m2\repository\com\googlecode\javacv\javacv\0.1\javacv-0.1-windows-x86.jar;C:\Users\mahas\.m2\repository\com\googlecode\javacv\javacv\0.1\javacv-0.1-windows-x86_64.jar;C:\Users\mahas\.m2\repository\com\googlecode\javacv\javacv\0.1\javacv-0.1-linux-x86_64.jar;C:\Users\mahas\.m2\repository\com\googlecode\javacv\javacv\0.1\javacv-0.1-linux-x86.jar;C:\Users\mahas\.m2\repository\org\antlr\stringtemplate\4.0.2\stringtemplate-4.0.2.jar;C:\Users\mahas\.m2\repository\org\antlr\antlr-runtime\3.3\antlr-runtime-3.3.jar;C:\Users\mahas\.m2\repository\org\piccolo2d\piccolo2d-extras\1.3.1\piccolo2d-extras-1.3.1.jar;C:\Users\mahas\.m2\repository\org\piccolo2d\piccolo2d-core\1.3.1\piccolo2d-core-1.3.1.jar;C:\Users\mahas\.m2\repository\com\jgoodies\looks\2.2.2\looks-2.2.2.jar;C:\Users\mahas\.m2\repository\org\sikuli\sikuli-webdriver\1.0.1\sikuli-webdriver-1.0.1.jar;C:\Users\mahas\.m2\repository\org\slf4j\slf4j-api\1.7.2\slf4j-api-1.7.2.jar;C:\Users\mahas\.m2\repository\ru\stqa\selenium\webdriver-factory\1.1.41\webdriver-factory-1.1.41.jar;C:\Users\mahas\.m2\repository\com\opera\operadriver\1.5\operadriver-1.5.jar;C:\Users\mahas\.m2\repository\com\opera\operalaunchers\1.1\operalaunchers-1.1.jar;C:\Users\mahas\.m2\repository\com\google\protobuf\protobuf-java\2.4.1\protobuf-java-2.4.1.jar;C:\Users\mahas\.m2\repository\commons-jxpath\commons-jxpath\1.3\commons-jxpath-1.3.jar;C:\Users\mahas\.m2\repository\org\ini4j\ini4j\0.5.2\ini4j-0.5.2.jar;C:\Users\mahas\.m2\repository\com\github\detro\ghostdriver\phantomjsdriver\1.1.0\phantomjsdriver-1.1.0.jar;C:\Users\mahas\.m2\repository\junit\junit\4.11\junit-4.11.jar;C:\Users\mahas\.m2\repository\org\hamcrest\hamcrest-core\1.3\hamcrest-core-1.3.jar;C:\Users\mahas\.m2\repository\org\seleniumhq\selenium\selenium-chrome-driver\2.42.2\selenium-chrome-driver-2.42.2.jar;C:\Users\mahas\.m2\repository\org\seleniumhq\selenium\selenium-remote-driver\2.42.2\selenium-remote-driver-2.42.2.jar;C:\Users\mahas\.m2\repository\cglib\cglib-nodep\2.1_3\cglib-nodep-2.1_3.jar;C:\Users\mahas\.m2\repository\org\seleniumhq\selenium\selenium-ie-driver\2.42.2\selenium-ie-driver-2.42.2.jar;C:\Users\mahas\.m2\repository\net\java\dev\jna\jna\3.4.0\jna-3.4.0.jar;C:\Users\mahas\.m2\repository\net\java\dev\jna\platform\3.4.0\platform-3.4.0.jar;C:\Users\mahas\.m2\repository\org\apache\maven\surefire\surefire-testng-utils\2.8.1\surefire-testng-utils-2.8.1.jar;"/>
    <property name="java.vm.specification.version" value="1.7"/>
    <property name="sun.arch.data.model" value="64"/>
    <property name="java.home" value="C:\Program Files\Java\jdk1.7.0_51\jre"/>
    <property name="sun.java.command" value="D:\QA\workspace\EbayTest\target\surefire\surefirebooter3871094172552860541.jar D:\QA\workspace\EbayTest\target\surefire\surefire3097781653442898404tmp D:\QA\workspace\EbayTest\target\surefire\surefire9034678721754299607tmp"/>
    <property name="java.specification.vendor" value="Oracle Corporation"/>
    <property name="user.language" value="ru"/>
    <property name="awt.toolkit" value="sun.awt.windows.WToolkit"/>
    <property name="java.vm.info" value="mixed mode"/>
    <property name="java.version" value="1.7.0_51"/>
    <property name="java.ext.dirs" value="C:\Program Files\Java\jdk1.7.0_51\jre\lib\ext;C:\Windows\Sun\Java\lib\ext"/>
    <property name="sun.boot.class.path" value="C:\Program Files\Java\jdk1.7.0_51\jre\lib\resources.jar;C:\Program Files\Java\jdk1.7.0_51\jre\lib\rt.jar;C:\Program Files\Java\jdk1.7.0_51\jre\lib\sunrsasign.jar;C:\Program Files\Java\jdk1.7.0_51\jre\lib\jsse.jar;C:\Program Files\Java\jdk1.7.0_51\jre\lib\jce.jar;C:\Program Files\Java\jdk1.7.0_51\jre\lib\charsets.jar;C:\Program Files\Java\jdk1.7.0_51\jre\lib\jfr.jar;C:\Program Files\Java\jdk1.7.0_51\jre\classes"/>
    <property name="java.vendor" value="Oracle Corporation"/>
    <property name="localRepository" value="C:\Users\mahas\.m2\repository"/>
    <property name="file.separator" value="\"/>
    <property name="java.vendor.url.bug" value="http://bugreport.sun.com/bugreport/"/>
    <property name="sun.cpu.endian" value="little"/>
    <property name="sun.io.unicode.encoding" value="UnicodeLittle"/>
    <property name="sun.desktop" value="windows"/>
    <property name="sun.cpu.isalist" value="amd64"/>
  </properties>
  <testcase time="34.065" classname="com.home.test.pages.HomePageTest" name="testDeals"/>
  <testcase time="5.365" classname="com.home.test.pages.HomePageTest" name="testNotifications"/>
</testsuite>