<?xml version="1.0" encoding="UTF-8" ?>
<testsuite failures="1" time="17.16" errors="0" skipped="10" tests="11" name="TestSuite">
  <properties>
    <property name="java.runtime.name" value="Java(TM) SE Runtime Environment"/>
    <property name="sun.boot.library.path" value="C:\Program Files\Java\jdk1.7.0_51\jre\bin"/>
    <property name="java.vm.version" value="24.51-b03"/>
    <property name="java.vm.vendor" value="Oracle Corporation"/>
    <property name="java.vendor.url" value="http://java.oracle.com/"/>
    <property name="path.separator" value=";"/>
    <property name="java.vm.name" value="Java HotSpot(TM) 64-Bit Server VM"/>
    <property name="file.encoding.pkg" value="sun.io"/>
    <property name="user.script" value=""/>
    <property name="user.country" value="RU"/>
    <property name="sun.java.launcher" value="SUN_STANDARD"/>
    <property name="sun.os.patch.level" value="Service Pack 1"/>
    <property name="java.vm.specification.name" value="Java Virtual Machine Specification"/>
    <property name="user.dir" value="C:\Users\mahas\git\EbayTestFramework\EbayTest"/>
    <property name="java.runtime.version" value="1.7.0_51-b13"/>
    <property name="java.awt.graphicsenv" value="sun.awt.Win32GraphicsEnvironment"/>
    <property name="basedir" value="C:\Users\mahas\git\EbayTestFramework\EbayTest"/>
    <property name="java.endorsed.dirs" value="C:\Program Files\Java\jdk1.7.0_51\jre\lib\endorsed"/>
    <property name="os.arch" value="amd64"/>
    <property name="surefire.real.class.path" value="C:\Users\mahas\git\EbayTestFramework\EbayTest\target\surefire\surefirebooter8843207043518856347.jar"/>
    <property name="java.io.tmpdir" value="C:\Users\mahas\AppData\Local\Temp\"/>
    <property name="line.separator" value="
"/>
    <property name="java.vm.specification.vendor" value="Oracle Corporation"/>
    <property name="user.variant" value=""/>
    <property name="os.name" value="Windows 7"/>
    <property name="sun.jnu.encoding" value="Cp1251"/>
    <property name="java.library.path" value="C:\Program Files\Java\jdk1.7.0_51\jre\bin;C:\Windows\Sun\Java\bin;C:\Windows\system32;C:\Windows;C:\Program Files (x86)\PC Connectivity Solution\;C:\Python34\;C:\Python34\Scripts;C:\Program Files (x86)\AMD APP\bin\x86_64;C:\Program Files (x86)\AMD APP\bin\x86;C:\Windows\system32;C:\Windows;C:\Windows\System32\Wbem;C:\Windows\System32\WindowsPowerShell\v1.0\;C:\Program Files (x86)\ATI Technologies\ATI.ACE\Core-Static;C:\Program Files (x86)\Microsoft SQL Server\90\Tools\binn\;C:\Program Files\Calibre2\;C:\Program Files\MySQL\MySQL Enterprise Backup 3.10.1\;C:\Program Files (x86)\MySQL\MySQL Utilities 1.3.6\;C:\Program Files\Maven\\bin;C:\Program Files\Java\jre7\bin;C:\Program Files\TortoiseGit\bin;."/>
    <property name="surefire.test.class.path" value="C:\Users\mahas\git\EbayTestFramework\EbayTest\target\test-classes;C:\Users\mahas\git\EbayTestFramework\EbayTest\target\classes;C:\Users\mahas\.m2\repository\org\testng\testng\6.8.8\testng-6.8.8.jar;C:\Users\mahas\.m2\repository\org\beanshell\bsh\2.0b4\bsh-2.0b4.jar;C:\Users\mahas\.m2\repository\com\beust\jcommander\1.27\jcommander-1.27.jar;C:\Users\mahas\.m2\repository\org\seleniumhq\selenium\selenium-java\2.42.2\selenium-java-2.42.2.jar;C:\Users\mahas\.m2\repository\org\seleniumhq\selenium\selenium-htmlunit-driver\2.42.2\selenium-htmlunit-driver-2.42.2.jar;C:\Users\mahas\.m2\repository\net\sourceforge\htmlunit\htmlunit\2.14\htmlunit-2.14.jar;C:\Users\mahas\.m2\repository\xalan\xalan\2.7.1\xalan-2.7.1.jar;C:\Users\mahas\.m2\repository\xalan\serializer\2.7.1\serializer-2.7.1.jar;C:\Users\mahas\.m2\repository\commons-collections\commons-collections\3.2.1\commons-collections-3.2.1.jar;C:\Users\mahas\.m2\repository\org\apache\commons\commons-lang3\3.2.1\commons-lang3-3.2.1.jar;C:\Users\mahas\.m2\repository\net\sourceforge\htmlunit\htmlunit-core-js\2.14\htmlunit-core-js-2.14.jar;C:\Users\mahas\.m2\repository\xerces\xercesImpl\2.11.0\xercesImpl-2.11.0.jar;C:\Users\mahas\.m2\repository\xml-apis\xml-apis\1.4.01\xml-apis-1.4.01.jar;C:\Users\mahas\.m2\repository\net\sourceforge\nekohtml\nekohtml\1.9.20\nekohtml-1.9.20.jar;C:\Users\mahas\.m2\repository\net\sourceforge\cssparser\cssparser\0.9.13\cssparser-0.9.13.jar;C:\Users\mahas\.m2\repository\org\w3c\css\sac\1.3\sac-1.3.jar;C:\Users\mahas\.m2\repository\org\eclipse\jetty\jetty-websocket\8.1.14.v20131031\jetty-websocket-8.1.14.v20131031.jar;C:\Users\mahas\.m2\repository\org\eclipse\jetty\jetty-util\8.1.14.v20131031\jetty-util-8.1.14.v20131031.jar;C:\Users\mahas\.m2\repository\org\seleniumhq\selenium\selenium-firefox-driver\2.42.2\selenium-firefox-driver-2.42.2.jar;C:\Users\mahas\.m2\repository\org\apache\commons\commons-exec\1.1\commons-exec-1.1.jar;C:\Users\mahas\.m2\repository\org\seleniumhq\selenium\selenium-safari-driver\2.42.2\selenium-safari-driver-2.42.2.jar;C:\Users\mahas\.m2\repository\org\seleniumhq\selenium\selenium-support\2.42.2\selenium-support-2.42.2.jar;C:\Users\mahas\.m2\repository\org\webbitserver\webbit\0.4.14\webbit-0.4.14.jar;C:\Users\mahas\.m2\repository\io\netty\netty\3.5.2.Final\netty-3.5.2.Final.jar;C:\Users\mahas\.m2\repository\org\seleniumhq\selenium\selenium-api\2.42.2\selenium-api-2.42.2.jar;C:\Users\mahas\.m2\repository\com\google\guava\guava\15.0\guava-15.0.jar;C:\Users\mahas\.m2\repository\org\json\json\20080701\json-20080701.jar;C:\Users\mahas\.m2\repository\org\sikuli\sikuli-api\1.1.0\sikuli-api-1.1.0.jar;C:\Users\mahas\.m2\repository\org\sikuli\sikuli-core\1.1.3\sikuli-core-1.1.3.jar;C:\Users\mahas\.m2\repository\com\googlecode\javacpp\javacpp\0.1\javacpp-0.1.jar;C:\Users\mahas\.m2\repository\com\googlecode\javacv\javacv\0.1\javacv-0.1.jar;C:\Users\mahas\.m2\repository\com\googlecode\javacv\javacv\0.1\javacv-0.1-macosx-x86_64.jar;C:\Users\mahas\.m2\repository\com\googlecode\javacv\javacv\0.1\javacv-0.1-windows-x86.jar;C:\Users\mahas\.m2\repository\com\googlecode\javacv\javacv\0.1\javacv-0.1-windows-x86_64.jar;C:\Users\mahas\.m2\repository\com\googlecode\javacv\javacv\0.1\javacv-0.1-linux-x86_64.jar;C:\Users\mahas\.m2\repository\com\googlecode\javacv\javacv\0.1\javacv-0.1-linux-x86.jar;C:\Users\mahas\.m2\repository\org\antlr\stringtemplate\4.0.2\stringtemplate-4.0.2.jar;C:\Users\mahas\.m2\repository\org\antlr\antlr-runtime\3.3\antlr-runtime-3.3.jar;C:\Users\mahas\.m2\repository\org\piccolo2d\piccolo2d-extras\1.3.1\piccolo2d-extras-1.3.1.jar;C:\Users\mahas\.m2\repository\org\piccolo2d\piccolo2d-core\1.3.1\piccolo2d-core-1.3.1.jar;C:\Users\mahas\.m2\repository\com\jgoodies\looks\2.2.2\looks-2.2.2.jar;C:\Users\mahas\.m2\repository\org\sikuli\sikuli-webdriver\1.0.1\sikuli-webdriver-1.0.1.jar;C:\Users\mahas\.m2\repository\org\slf4j\slf4j-api\1.7.2\slf4j-api-1.7.2.jar;C:\Users\mahas\.m2\repository\ru\stqa\selenium\webdriver-factory\1.1.41\webdriver-factory-1.1.41.jar;C:\Users\mahas\.m2\repository\com\opera\operadriver\1.5\operadriver-1.5.jar;C:\Users\mahas\.m2\repository\com\opera\operalaunchers\1.1\operalaunchers-1.1.jar;C:\Users\mahas\.m2\repository\com\google\protobuf\protobuf-java\2.4.1\protobuf-java-2.4.1.jar;C:\Users\mahas\.m2\repository\commons-jxpath\commons-jxpath\1.3\commons-jxpath-1.3.jar;C:\Users\mahas\.m2\repository\org\ini4j\ini4j\0.5.2\ini4j-0.5.2.jar;C:\Users\mahas\.m2\repository\com\github\detro\ghostdriver\phantomjsdriver\1.1.0\phantomjsdriver-1.1.0.jar;C:\Users\mahas\.m2\repository\junit\junit\4.11\junit-4.11.jar;C:\Users\mahas\.m2\repository\org\hamcrest\hamcrest-core\1.3\hamcrest-core-1.3.jar;C:\Users\mahas\.m2\repository\org\seleniumhq\selenium\selenium-chrome-driver\2.42.2\selenium-chrome-driver-2.42.2.jar;C:\Users\mahas\.m2\repository\org\seleniumhq\selenium\selenium-remote-driver\2.42.2\selenium-remote-driver-2.42.2.jar;C:\Users\mahas\.m2\repository\cglib\cglib-nodep\2.1_3\cglib-nodep-2.1_3.jar;C:\Users\mahas\.m2\repository\org\seleniumhq\selenium\selenium-ie-driver\2.42.2\selenium-ie-driver-2.42.2.jar;C:\Users\mahas\.m2\repository\net\java\dev\jna\jna\3.4.0\jna-3.4.0.jar;C:\Users\mahas\.m2\repository\net\java\dev\jna\platform\3.4.0\platform-3.4.0.jar;C:\Users\mahas\.m2\repository\org\seleniumhq\selenium\selenium-server\2.42.2\selenium-server-2.42.2.jar;C:\Users\mahas\.m2\repository\org\bouncycastle\bcprov-jdk15on\1.48\bcprov-jdk15on-1.48.jar;C:\Users\mahas\.m2\repository\org\bouncycastle\bcpkix-jdk15on\1.48\bcpkix-jdk15on-1.48.jar;C:\Users\mahas\.m2\repository\mx4j\mx4j-tools\3.0.1\mx4j-tools-3.0.1.jar;C:\Users\mahas\.m2\repository\org\mortbay\jetty\servlet-api-2.5\6.1.9\servlet-api-2.5-6.1.9.jar;C:\Users\mahas\.m2\repository\org\seleniumhq\selenium\jetty-repacked\7.6.1\jetty-repacked-7.6.1.jar;C:\Users\mahas\.m2\repository\net\jcip\jcip-annotations\1.0\jcip-annotations-1.0.jar;C:\Users\mahas\.m2\repository\org\yaml\snakeyaml\1.8\snakeyaml-1.8.jar;C:\Users\mahas\.m2\repository\commons-codec\commons-codec\1.9\commons-codec-1.9.jar;C:\Users\mahas\.m2\repository\net\lightbody\bmp\browsermob-proxy\2.0-beta-9\browsermob-proxy-2.0-beta-9.jar;C:\Users\mahas\.m2\repository\org\slf4j\slf4j-jdk14\1.5.3\slf4j-jdk14-1.5.3.jar;C:\Users\mahas\.m2\repository\com\google\sitebricks\sitebricks\0.8.3\sitebricks-0.8.3.jar;C:\Users\mahas\.m2\repository\org\mvel\mvel2\2.0.18\mvel2-2.0.18.jar;C:\Users\mahas\.m2\repository\com\intellij\annotations\7.0.3\annotations-7.0.3.jar;C:\Users\mahas\.m2\repository\commons-httpclient\commons-httpclient\3.1\commons-httpclient-3.1.jar;C:\Users\mahas\.m2\repository\commons-lang\commons-lang\2.5\commons-lang-2.5.jar;C:\Users\mahas\.m2\repository\dom4j\dom4j\1.6.1\dom4j-1.6.1.jar;C:\Users\mahas\.m2\repository\jaxen\jaxen\1.1.1\jaxen-1.1.1.jar;C:\Users\mahas\.m2\repository\jdom\jdom\1.0\jdom-1.0.jar;C:\Users\mahas\.m2\repository\xom\xom\1.0\xom-1.0.jar;C:\Users\mahas\.m2\repository\xerces\xmlParserAPIs\2.6.2\xmlParserAPIs-2.6.2.jar;C:\Users\mahas\.m2\repository\com\ibm\icu\icu4j\2.6.1\icu4j-2.6.1.jar;C:\Users\mahas\.m2\repository\saxpath\saxpath\1.0-FCS\saxpath-1.0-FCS.jar;C:\Users\mahas\.m2\repository\javax\servlet\servlet-api\2.5\servlet-api-2.5.jar;C:\Users\mahas\.m2\repository\com\thoughtworks\xstream\xstream\1.3.1\xstream-1.3.1.jar;C:\Users\mahas\.m2\repository\xpp3\xpp3_min\1.1.4c\xpp3_min-1.1.4c.jar;C:\Users\mahas\.m2\repository\org\jsoup\jsoup\1.4.1\jsoup-1.4.1.jar;C:\Users\mahas\.m2\repository\org\freemarker\freemarker\2.3.10\freemarker-2.3.10.jar;C:\Users\mahas\.m2\repository\com\google\inject\extensions\guice-multibindings\3.0\guice-multibindings-3.0.jar;C:\Users\mahas\.m2\repository\org\codehaus\jackson\jackson-core-asl\1.7.1\jackson-core-asl-1.7.1.jar;C:\Users\mahas\.m2\repository\org\codehaus\jackson\jackson-mapper-asl\1.7.1\jackson-mapper-asl-1.7.1.jar;C:\Users\mahas\.m2\repository\org\apache\httpcomponents\httpclient\4.2.3\httpclient-4.2.3.jar;C:\Users\mahas\.m2\repository\org\apache\httpcomponents\httpcore\4.2.2\httpcore-4.2.2.jar;C:\Users\mahas\.m2\repository\commons-logging\commons-logging\1.1.1\commons-logging-1.1.1.jar;C:\Users\mahas\.m2\repository\org\apache\httpcomponents\httpmime\4.2.3\httpmime-4.2.3.jar;C:\Users\mahas\.m2\repository\commons-io\commons-io\1.3.2\commons-io-1.3.2.jar;C:\Users\mahas\.m2\repository\net\sf\jopt-simple\jopt-simple\3.2\jopt-simple-3.2.jar;C:\Users\mahas\.m2\repository\org\apache\ant\ant\1.8.2\ant-1.8.2.jar;C:\Users\mahas\.m2\repository\org\apache\ant\ant-launcher\1.8.2\ant-launcher-1.8.2.jar;C:\Users\mahas\.m2\repository\org\eclipse\jetty\jetty-server\7.3.0.v20110203\jetty-server-7.3.0.v20110203.jar;C:\Users\mahas\.m2\repository\org\eclipse\jetty\jetty-continuation\7.3.0.v20110203\jetty-continuation-7.3.0.v20110203.jar;C:\Users\mahas\.m2\repository\org\eclipse\jetty\jetty-http\7.3.0.v20110203\jetty-http-7.3.0.v20110203.jar;C:\Users\mahas\.m2\repository\org\eclipse\jetty\jetty-io\7.3.0.v20110203\jetty-io-7.3.0.v20110203.jar;C:\Users\mahas\.m2\repository\org\eclipse\jetty\jetty-servlet\7.3.0.v20110203\jetty-servlet-7.3.0.v20110203.jar;C:\Users\mahas\.m2\repository\org\eclipse\jetty\jetty-security\7.3.0.v20110203\jetty-security-7.3.0.v20110203.jar;C:\Users\mahas\.m2\repository\com\google\inject\guice\3.0\guice-3.0.jar;C:\Users\mahas\.m2\repository\javax\inject\javax.inject\1\javax.inject-1.jar;C:\Users\mahas\.m2\repository\aopalliance\aopalliance\1.0\aopalliance-1.0.jar;C:\Users\mahas\.m2\repository\com\google\inject\extensions\guice-servlet\3.0\guice-servlet-3.0.jar;C:\Users\mahas\.m2\repository\net\sf\uadetector\uadetector-resources\2013.10\uadetector-resources-2013.10.jar;C:\Users\mahas\.m2\repository\net\sf\uadetector\uadetector-core\0.9.10\uadetector-core-0.9.10.jar;C:\Users\mahas\.m2\repository\net\sf\qualitycheck\quality-check\1.3\quality-check-1.3.jar;C:\Users\mahas\.m2\repository\com\google\code\findbugs\jsr305\2.0.1\jsr305-2.0.1.jar;C:\Users\mahas\.m2\repository\javax\annotation\jsr250-api\1.0\jsr250-api-1.0.jar;C:\Users\mahas\.m2\repository\org\apache\maven\surefire\surefire-testng-utils\2.8.1\surefire-testng-utils-2.8.1.jar;"/>
    <property name="java.specification.name" value="Java Platform API Specification"/>
    <property name="java.class.version" value="51.0"/>
    <property name="sun.management.compiler" value="HotSpot 64-Bit Tiered Compilers"/>
    <property name="os.version" value="6.1"/>
    <property name="user.home" value="C:\Users\mahas"/>
    <property name="user.timezone" value="Europe/Helsinki"/>
    <property name="java.awt.printerjob" value="sun.awt.windows.WPrinterJob"/>
    <property name="java.specification.version" value="1.7"/>
    <property name="file.encoding" value="Cp1251"/>
    <property name="user.name" value="mahas"/>
    <property name="java.class.path" value="C:\Users\mahas\git\EbayTestFramework\EbayTest\target\test-classes;C:\Users\mahas\git\EbayTestFramework\EbayTest\target\classes;C:\Users\mahas\.m2\repository\org\testng\testng\6.8.8\testng-6.8.8.jar;C:\Users\mahas\.m2\repository\org\beanshell\bsh\2.0b4\bsh-2.0b4.jar;C:\Users\mahas\.m2\repository\com\beust\jcommander\1.27\jcommander-1.27.jar;C:\Users\mahas\.m2\repository\org\seleniumhq\selenium\selenium-java\2.42.2\selenium-java-2.42.2.jar;C:\Users\mahas\.m2\repository\org\seleniumhq\selenium\selenium-htmlunit-driver\2.42.2\selenium-htmlunit-driver-2.42.2.jar;C:\Users\mahas\.m2\repository\net\sourceforge\htmlunit\htmlunit\2.14\htmlunit-2.14.jar;C:\Users\mahas\.m2\repository\xalan\xalan\2.7.1\xalan-2.7.1.jar;C:\Users\mahas\.m2\repository\xalan\serializer\2.7.1\serializer-2.7.1.jar;C:\Users\mahas\.m2\repository\commons-collections\commons-collections\3.2.1\commons-collections-3.2.1.jar;C:\Users\mahas\.m2\repository\org\apache\commons\commons-lang3\3.2.1\commons-lang3-3.2.1.jar;C:\Users\mahas\.m2\repository\net\sourceforge\htmlunit\htmlunit-core-js\2.14\htmlunit-core-js-2.14.jar;C:\Users\mahas\.m2\repository\xerces\xercesImpl\2.11.0\xercesImpl-2.11.0.jar;C:\Users\mahas\.m2\repository\xml-apis\xml-apis\1.4.01\xml-apis-1.4.01.jar;C:\Users\mahas\.m2\repository\net\sourceforge\nekohtml\nekohtml\1.9.20\nekohtml-1.9.20.jar;C:\Users\mahas\.m2\repository\net\sourceforge\cssparser\cssparser\0.9.13\cssparser-0.9.13.jar;C:\Users\mahas\.m2\repository\org\w3c\css\sac\1.3\sac-1.3.jar;C:\Users\mahas\.m2\repository\org\eclipse\jetty\jetty-websocket\8.1.14.v20131031\jetty-websocket-8.1.14.v20131031.jar;C:\Users\mahas\.m2\repository\org\eclipse\jetty\jetty-util\8.1.14.v20131031\jetty-util-8.1.14.v20131031.jar;C:\Users\mahas\.m2\repository\org\seleniumhq\selenium\selenium-firefox-driver\2.42.2\selenium-firefox-driver-2.42.2.jar;C:\Users\mahas\.m2\repository\org\apache\commons\commons-exec\1.1\commons-exec-1.1.jar;C:\Users\mahas\.m2\repository\org\seleniumhq\selenium\selenium-safari-driver\2.42.2\selenium-safari-driver-2.42.2.jar;C:\Users\mahas\.m2\repository\org\seleniumhq\selenium\selenium-support\2.42.2\selenium-support-2.42.2.jar;C:\Users\mahas\.m2\repository\org\webbitserver\webbit\0.4.14\webbit-0.4.14.jar;C:\Users\mahas\.m2\repository\io\netty\netty\3.5.2.Final\netty-3.5.2.Final.jar;C:\Users\mahas\.m2\repository\org\seleniumhq\selenium\selenium-api\2.42.2\selenium-api-2.42.2.jar;C:\Users\mahas\.m2\repository\com\google\guava\guava\15.0\guava-15.0.jar;C:\Users\mahas\.m2\repository\org\json\json\20080701\json-20080701.jar;C:\Users\mahas\.m2\repository\org\sikuli\sikuli-api\1.1.0\sikuli-api-1.1.0.jar;C:\Users\mahas\.m2\repository\org\sikuli\sikuli-core\1.1.3\sikuli-core-1.1.3.jar;C:\Users\mahas\.m2\repository\com\googlecode\javacpp\javacpp\0.1\javacpp-0.1.jar;C:\Users\mahas\.m2\repository\com\googlecode\javacv\javacv\0.1\javacv-0.1.jar;C:\Users\mahas\.m2\repository\com\googlecode\javacv\javacv\0.1\javacv-0.1-macosx-x86_64.jar;C:\Users\mahas\.m2\repository\com\googlecode\javacv\javacv\0.1\javacv-0.1-windows-x86.jar;C:\Users\mahas\.m2\repository\com\googlecode\javacv\javacv\0.1\javacv-0.1-windows-x86_64.jar;C:\Users\mahas\.m2\repository\com\googlecode\javacv\javacv\0.1\javacv-0.1-linux-x86_64.jar;C:\Users\mahas\.m2\repository\com\googlecode\javacv\javacv\0.1\javacv-0.1-linux-x86.jar;C:\Users\mahas\.m2\repository\org\antlr\stringtemplate\4.0.2\stringtemplate-4.0.2.jar;C:\Users\mahas\.m2\repository\org\antlr\antlr-runtime\3.3\antlr-runtime-3.3.jar;C:\Users\mahas\.m2\repository\org\piccolo2d\piccolo2d-extras\1.3.1\piccolo2d-extras-1.3.1.jar;C:\Users\mahas\.m2\repository\org\piccolo2d\piccolo2d-core\1.3.1\piccolo2d-core-1.3.1.jar;C:\Users\mahas\.m2\repository\com\jgoodies\looks\2.2.2\looks-2.2.2.jar;C:\Users\mahas\.m2\repository\org\sikuli\sikuli-webdriver\1.0.1\sikuli-webdriver-1.0.1.jar;C:\Users\mahas\.m2\repository\org\slf4j\slf4j-api\1.7.2\slf4j-api-1.7.2.jar;C:\Users\mahas\.m2\repository\ru\stqa\selenium\webdriver-factory\1.1.41\webdriver-factory-1.1.41.jar;C:\Users\mahas\.m2\repository\com\opera\operadriver\1.5\operadriver-1.5.jar;C:\Users\mahas\.m2\repository\com\opera\operalaunchers\1.1\operalaunchers-1.1.jar;C:\Users\mahas\.m2\repository\com\google\protobuf\protobuf-java\2.4.1\protobuf-java-2.4.1.jar;C:\Users\mahas\.m2\repository\commons-jxpath\commons-jxpath\1.3\commons-jxpath-1.3.jar;C:\Users\mahas\.m2\repository\org\ini4j\ini4j\0.5.2\ini4j-0.5.2.jar;C:\Users\mahas\.m2\repository\com\github\detro\ghostdriver\phantomjsdriver\1.1.0\phantomjsdriver-1.1.0.jar;C:\Users\mahas\.m2\repository\junit\junit\4.11\junit-4.11.jar;C:\Users\mahas\.m2\repository\org\hamcrest\hamcrest-core\1.3\hamcrest-core-1.3.jar;C:\Users\mahas\.m2\repository\org\seleniumhq\selenium\selenium-chrome-driver\2.42.2\selenium-chrome-driver-2.42.2.jar;C:\Users\mahas\.m2\repository\org\seleniumhq\selenium\selenium-remote-driver\2.42.2\selenium-remote-driver-2.42.2.jar;C:\Users\mahas\.m2\repository\cglib\cglib-nodep\2.1_3\cglib-nodep-2.1_3.jar;C:\Users\mahas\.m2\repository\org\seleniumhq\selenium\selenium-ie-driver\2.42.2\selenium-ie-driver-2.42.2.jar;C:\Users\mahas\.m2\repository\net\java\dev\jna\jna\3.4.0\jna-3.4.0.jar;C:\Users\mahas\.m2\repository\net\java\dev\jna\platform\3.4.0\platform-3.4.0.jar;C:\Users\mahas\.m2\repository\org\seleniumhq\selenium\selenium-server\2.42.2\selenium-server-2.42.2.jar;C:\Users\mahas\.m2\repository\org\bouncycastle\bcprov-jdk15on\1.48\bcprov-jdk15on-1.48.jar;C:\Users\mahas\.m2\repository\org\bouncycastle\bcpkix-jdk15on\1.48\bcpkix-jdk15on-1.48.jar;C:\Users\mahas\.m2\repository\mx4j\mx4j-tools\3.0.1\mx4j-tools-3.0.1.jar;C:\Users\mahas\.m2\repository\org\mortbay\jetty\servlet-api-2.5\6.1.9\servlet-api-2.5-6.1.9.jar;C:\Users\mahas\.m2\repository\org\seleniumhq\selenium\jetty-repacked\7.6.1\jetty-repacked-7.6.1.jar;C:\Users\mahas\.m2\repository\net\jcip\jcip-annotations\1.0\jcip-annotations-1.0.jar;C:\Users\mahas\.m2\repository\org\yaml\snakeyaml\1.8\snakeyaml-1.8.jar;C:\Users\mahas\.m2\repository\commons-codec\commons-codec\1.9\commons-codec-1.9.jar;C:\Users\mahas\.m2\repository\net\lightbody\bmp\browsermob-proxy\2.0-beta-9\browsermob-proxy-2.0-beta-9.jar;C:\Users\mahas\.m2\repository\org\slf4j\slf4j-jdk14\1.5.3\slf4j-jdk14-1.5.3.jar;C:\Users\mahas\.m2\repository\com\google\sitebricks\sitebricks\0.8.3\sitebricks-0.8.3.jar;C:\Users\mahas\.m2\repository\org\mvel\mvel2\2.0.18\mvel2-2.0.18.jar;C:\Users\mahas\.m2\repository\com\intellij\annotations\7.0.3\annotations-7.0.3.jar;C:\Users\mahas\.m2\repository\commons-httpclient\commons-httpclient\3.1\commons-httpclient-3.1.jar;C:\Users\mahas\.m2\repository\commons-lang\commons-lang\2.5\commons-lang-2.5.jar;C:\Users\mahas\.m2\repository\dom4j\dom4j\1.6.1\dom4j-1.6.1.jar;C:\Users\mahas\.m2\repository\jaxen\jaxen\1.1.1\jaxen-1.1.1.jar;C:\Users\mahas\.m2\repository\jdom\jdom\1.0\jdom-1.0.jar;C:\Users\mahas\.m2\repository\xom\xom\1.0\xom-1.0.jar;C:\Users\mahas\.m2\repository\xerces\xmlParserAPIs\2.6.2\xmlParserAPIs-2.6.2.jar;C:\Users\mahas\.m2\repository\com\ibm\icu\icu4j\2.6.1\icu4j-2.6.1.jar;C:\Users\mahas\.m2\repository\saxpath\saxpath\1.0-FCS\saxpath-1.0-FCS.jar;C:\Users\mahas\.m2\repository\javax\servlet\servlet-api\2.5\servlet-api-2.5.jar;C:\Users\mahas\.m2\repository\com\thoughtworks\xstream\xstream\1.3.1\xstream-1.3.1.jar;C:\Users\mahas\.m2\repository\xpp3\xpp3_min\1.1.4c\xpp3_min-1.1.4c.jar;C:\Users\mahas\.m2\repository\org\jsoup\jsoup\1.4.1\jsoup-1.4.1.jar;C:\Users\mahas\.m2\repository\org\freemarker\freemarker\2.3.10\freemarker-2.3.10.jar;C:\Users\mahas\.m2\repository\com\google\inject\extensions\guice-multibindings\3.0\guice-multibindings-3.0.jar;C:\Users\mahas\.m2\repository\org\codehaus\jackson\jackson-core-asl\1.7.1\jackson-core-asl-1.7.1.jar;C:\Users\mahas\.m2\repository\org\codehaus\jackson\jackson-mapper-asl\1.7.1\jackson-mapper-asl-1.7.1.jar;C:\Users\mahas\.m2\repository\org\apache\httpcomponents\httpclient\4.2.3\httpclient-4.2.3.jar;C:\Users\mahas\.m2\repository\org\apache\httpcomponents\httpcore\4.2.2\httpcore-4.2.2.jar;C:\Users\mahas\.m2\repository\commons-logging\commons-logging\1.1.1\commons-logging-1.1.1.jar;C:\Users\mahas\.m2\repository\org\apache\httpcomponents\httpmime\4.2.3\httpmime-4.2.3.jar;C:\Users\mahas\.m2\repository\commons-io\commons-io\1.3.2\commons-io-1.3.2.jar;C:\Users\mahas\.m2\repository\net\sf\jopt-simple\jopt-simple\3.2\jopt-simple-3.2.jar;C:\Users\mahas\.m2\repository\org\apache\ant\ant\1.8.2\ant-1.8.2.jar;C:\Users\mahas\.m2\repository\org\apache\ant\ant-launcher\1.8.2\ant-launcher-1.8.2.jar;C:\Users\mahas\.m2\repository\org\eclipse\jetty\jetty-server\7.3.0.v20110203\jetty-server-7.3.0.v20110203.jar;C:\Users\mahas\.m2\repository\org\eclipse\jetty\jetty-continuation\7.3.0.v20110203\jetty-continuation-7.3.0.v20110203.jar;C:\Users\mahas\.m2\repository\org\eclipse\jetty\jetty-http\7.3.0.v20110203\jetty-http-7.3.0.v20110203.jar;C:\Users\mahas\.m2\repository\org\eclipse\jetty\jetty-io\7.3.0.v20110203\jetty-io-7.3.0.v20110203.jar;C:\Users\mahas\.m2\repository\org\eclipse\jetty\jetty-servlet\7.3.0.v20110203\jetty-servlet-7.3.0.v20110203.jar;C:\Users\mahas\.m2\repository\org\eclipse\jetty\jetty-security\7.3.0.v20110203\jetty-security-7.3.0.v20110203.jar;C:\Users\mahas\.m2\repository\com\google\inject\guice\3.0\guice-3.0.jar;C:\Users\mahas\.m2\repository\javax\inject\javax.inject\1\javax.inject-1.jar;C:\Users\mahas\.m2\repository\aopalliance\aopalliance\1.0\aopalliance-1.0.jar;C:\Users\mahas\.m2\repository\com\google\inject\extensions\guice-servlet\3.0\guice-servlet-3.0.jar;C:\Users\mahas\.m2\repository\net\sf\uadetector\uadetector-resources\2013.10\uadetector-resources-2013.10.jar;C:\Users\mahas\.m2\repository\net\sf\uadetector\uadetector-core\0.9.10\uadetector-core-0.9.10.jar;C:\Users\mahas\.m2\repository\net\sf\qualitycheck\quality-check\1.3\quality-check-1.3.jar;C:\Users\mahas\.m2\repository\com\google\code\findbugs\jsr305\2.0.1\jsr305-2.0.1.jar;C:\Users\mahas\.m2\repository\javax\annotation\jsr250-api\1.0\jsr250-api-1.0.jar;C:\Users\mahas\.m2\repository\org\apache\maven\surefire\surefire-testng-utils\2.8.1\surefire-testng-utils-2.8.1.jar;"/>
    <property name="java.vm.specification.version" value="1.7"/>
    <property name="sun.arch.data.model" value="64"/>
    <property name="java.home" value="C:\Program Files\Java\jdk1.7.0_51\jre"/>
    <property name="sun.java.command" value="C:\Users\mahas\git\EbayTestFramework\EbayTest\target\surefire\surefirebooter8843207043518856347.jar C:\Users\mahas\git\EbayTestFramework\EbayTest\target\surefire\surefire6112195563554002735tmp C:\Users\mahas\git\EbayTestFramework\EbayTest\target\surefire\surefire252803599234373409tmp"/>
    <property name="java.specification.vendor" value="Oracle Corporation"/>
    <property name="user.language" value="ru"/>
    <property name="awt.toolkit" value="sun.awt.windows.WToolkit"/>
    <property name="java.vm.info" value="mixed mode"/>
    <property name="java.version" value="1.7.0_51"/>
    <property name="java.ext.dirs" value="C:\Program Files\Java\jdk1.7.0_51\jre\lib\ext;C:\Windows\Sun\Java\lib\ext"/>
    <property name="sun.boot.class.path" value="C:\Program Files\Java\jdk1.7.0_51\jre\lib\resources.jar;C:\Program Files\Java\jdk1.7.0_51\jre\lib\rt.jar;C:\Program Files\Java\jdk1.7.0_51\jre\lib\sunrsasign.jar;C:\Program Files\Java\jdk1.7.0_51\jre\lib\jsse.jar;C:\Program Files\Java\jdk1.7.0_51\jre\lib\jce.jar;C:\Program Files\Java\jdk1.7.0_51\jre\lib\charsets.jar;C:\Program Files\Java\jdk1.7.0_51\jre\lib\jfr.jar;C:\Program Files\Java\jdk1.7.0_51\jre\classes"/>
    <property name="webdriver.chrome.driver" value="src/main/resources/drivers/chromedriver.exe"/>
    <property name="java.vendor" value="Oracle Corporation"/>
    <property name="localRepository" value="C:\Users\mahas\.m2\repository"/>
    <property name="file.separator" value="\"/>
    <property name="java.vendor.url.bug" value="http://bugreport.sun.com/bugreport/"/>
    <property name="sun.cpu.endian" value="little"/>
    <property name="sun.io.unicode.encoding" value="UnicodeLittle"/>
    <property name="sun.desktop" value="windows"/>
    <property name="sun.cpu.isalist" value="amd64"/>
  </properties>
  <testcase time="0" classname="com.home.test.pages.SearchPageTest" name="getWebDriver">
    <failure message="org/apache/http/conn/HttpClientConnectionManager" type="java.lang.NoClassDefFoundError">java.lang.NoClassDefFoundError: org/apache/http/conn/HttpClientConnectionManager
	at org.openqa.selenium.remote.HttpCommandExecutor.&lt;init&gt;(HttpCommandExecutor.java:99)
	at org.openqa.selenium.remote.HttpCommandExecutor.&lt;init&gt;(HttpCommandExecutor.java:82)
	at org.openqa.selenium.remote.service.DriverCommandExecutor.&lt;init&gt;(DriverCommandExecutor.java:46)
	at org.openqa.selenium.chrome.ChromeDriver.&lt;init&gt;(ChromeDriver.java:171)
	at org.openqa.selenium.chrome.ChromeDriver.&lt;init&gt;(ChromeDriver.java:139)
	at com.home.automationdriver.DriverFactory.getDriver(DriverFactory.java:45)
	at com.home.test.basetest.BasicTestCase.getWebDriver(BasicTestCase.java:28)
	at sun.reflect.NativeMethodAccessorImpl.invoke0(Native Method)
	at sun.reflect.NativeMethodAccessorImpl.invoke(NativeMethodAccessorImpl.java:57)
	at sun.reflect.DelegatingMethodAccessorImpl.invoke(DelegatingMethodAccessorImpl.java:43)
	at java.lang.reflect.Method.invoke(Method.java:606)
	at org.testng.internal.MethodInvocationHelper.invokeMethod(MethodInvocationHelper.java:84)
	at org.testng.internal.Invoker.invokeConfigurationMethod(Invoker.java:564)
	at org.testng.internal.Invoker.invokeConfigurations(Invoker.java:213)
	at org.testng.internal.Invoker.invokeConfigurations(Invoker.java:138)
	at org.testng.SuiteRunner.privateRun(SuiteRunner.java:291)
	at org.testng.SuiteRunner.run(SuiteRunner.java:254)
	at org.testng.SuiteRunnerWorker.runSuite(SuiteRunnerWorker.java:52)
	at org.testng.SuiteRunnerWorker.run(SuiteRunnerWorker.java:86)
	at org.testng.TestNG.runSuitesSequentially(TestNG.java:1224)
	at org.testng.TestNG.runSuitesLocally(TestNG.java:1149)
	at org.testng.TestNG.run(TestNG.java:1057)
	at org.apache.maven.surefire.testng.TestNGExecutor.run(TestNGExecutor.java:122)
	at org.apache.maven.surefire.testng.TestNGXmlTestSuite.execute(TestNGXmlTestSuite.java:88)
	at org.apache.maven.surefire.testng.TestNGProvider.invoke(TestNGProvider.java:104)
	at sun.reflect.NativeMethodAccessorImpl.invoke0(Native Method)
	at sun.reflect.NativeMethodAccessorImpl.invoke(NativeMethodAccessorImpl.java:57)
	at sun.reflect.DelegatingMethodAccessorImpl.invoke(DelegatingMethodAccessorImpl.java:43)
	at java.lang.reflect.Method.invoke(Method.java:606)
	at org.apache.maven.surefire.booter.ProviderFactory$ClassLoaderProxy.invoke(ProviderFactory.java:103)
	at com.sun.proxy.$Proxy0.invoke(Unknown Source)
	at org.apache.maven.surefire.booter.SurefireStarter.invokeProvider(SurefireStarter.java:150)
	at org.apache.maven.surefire.booter.SurefireStarter.runSuitesInProcess(SurefireStarter.java:91)
	at org.apache.maven.surefire.booter.ForkedBooter.main(ForkedBooter.java:69)
Caused by: java.lang.ClassNotFoundException: org.apache.http.conn.HttpClientConnectionManager
	at java.net.URLClassLoader$1.run(URLClassLoader.java:366)
	at java.net.URLClassLoader$1.run(URLClassLoader.java:355)
	at java.security.AccessController.doPrivileged(Native Method)
	at java.net.URLClassLoader.findClass(URLClassLoader.java:354)
	at java.lang.ClassLoader.loadClass(ClassLoader.java:425)
	at sun.misc.Launcher$AppClassLoader.loadClass(Launcher.java:308)
	at java.lang.ClassLoader.loadClass(ClassLoader.java:358)
	... 34 more
Caused by: java.lang.ClassNotFoundException: org.apache.http.conn.HttpClientConnectionManager
	at java.net.URLClassLoader$1.run(URLClassLoader.java:366)
	at java.net.URLClassLoader$1.run(URLClassLoader.java:355)
	at java.security.AccessController.doPrivileged(Native Method)
	at java.net.URLClassLoader.findClass(URLClassLoader.java:354)
	at java.lang.ClassLoader.loadClass(ClassLoader.java:425)
	at sun.misc.Launcher$AppClassLoader.loadClass(Launcher.java:308)
	at java.lang.ClassLoader.loadClass(ClassLoader.java:358)
	... 34 more
</failure>
  </testcase>
  <testcase time="0.014" classname="com.home.test.pages.LoginPageTest" name="OpenPage">
    <skipped/>
  </testcase>
  <testcase time="0" classname="com.home.test.pages.LoginPageTest" name="testLogin">
    <skipped/>
  </testcase>
  <testcase time="3.008" classname="com.home.test.pages.LoginPageTest" name="OpenPage">
    <skipped/>
  </testcase>
  <testcase time="0" classname="com.home.test.pages.LoginPageTest" name="LogOut">
    <skipped/>
  </testcase>
  <testcase time="3.029" classname="com.home.test.pages.HomePageTest" name="OpenPage">
    <skipped/>
  </testcase>
  <testcase time="0" classname="com.home.test.pages.HomePageTest" name="testDeals">
    <skipped/>
  </testcase>
  <testcase time="3.064" classname="com.home.test.pages.HomePageTest" name="OpenPage">
    <skipped/>
  </testcase>
  <testcase time="0" classname="com.home.test.pages.HomePageTest" name="testNotifications">
    <skipped/>
  </testcase>
  <testcase time="3.013" classname="com.home.test.pages.SearchPageTest" name="OpenPage">
    <skipped/>
  </testcase>
  <testcase time="0.001" classname="com.home.test.pages.SearchPageTest" name="testSearch">
    <skipped/>
  </testcase>
</testsuite>