<?xml version="1.0" encoding="UTF-8"?>
<!-- Generated by org.testng.reporters.JUnitReportReporter -->
<testsuite hostname="WIN-6TNKA2CT5MN" name="com.home.test.pages.HomePageTest" tests="2" failures="0" timestamp="1 Jul 2014 17:17:20 GMT" time="39.431" errors="0">
  <testcase name="testDeals" time="34.066" classname="com.home.test.pages.HomePageTest"/>
  <testcase name="testNotifications" time="5.365" classname="com.home.test.pages.HomePageTest"/>
</testsuite> <!-- com.home.test.pages.HomePageTest -->
