<?xml version="1.0" encoding="UTF-8"?>
<!-- Generated by org.testng.reporters.JUnitReportReporter -->
<testsuite hostname="WIN-6TNKA2CT5MN" name="com.home.test.pages.HomePageTest" tests="6" failures="0" timestamp="7 Jul 2014 17:04:37 GMT" time="128.453" errors="0">
  <testcase name="testNotifications" time="19.827" classname="com.home.test.pages.HomePageTest"/>
  <testcase name="testNotifications" time="13.028" classname="com.home.test.pages.HomePageTest"/>
  <testcase name="testDeals" time="30.254" classname="com.home.test.pages.HomePageTest"/>
  <testcase name="testDeals" time="31.753" classname="com.home.test.pages.HomePageTest"/>
  <testcase name="testNotifications" time="9.654" classname="com.home.test.pages.HomePageTest"/>
  <testcase name="testDeals" time="23.937" classname="com.home.test.pages.HomePageTest"/>
</testsuite> <!-- com.home.test.pages.HomePageTest -->
