<?xml version="1.0" encoding="UTF-8"?>
<!-- Generated by org.testng.reporters.JUnitReportReporter -->
<testsuite hostname="WIN-6TNKA2CT5MN" name="com.home.test.pages.SearchPageTest" tests="3" failures="0" timestamp="7 Jul 2014 16:55:57 GMT" time="98.109" errors="0">
  <testcase name="testSearch" time="28.488" classname="com.home.test.pages.SearchPageTest"/>
  <testcase name="testSearch" time="33.769" classname="com.home.test.pages.SearchPageTest"/>
  <testcase name="testSearch" time="35.852" classname="com.home.test.pages.SearchPageTest"/>
</testsuite> <!-- com.home.test.pages.SearchPageTest -->
