<?xml version="1.0" encoding="UTF-8"?>
<!-- Generated by org.testng.reporters.JUnitReportReporter -->
<testsuite hostname="WIN-6TNKA2CT5MN" name="com.home.test.pages.LoginPageTest" tests="6" failures="0" timestamp="7 Jul 2014 16:55:58 GMT" time="51.696" errors="0">
  <testcase name="LogOut" time="6.044" classname="com.home.test.pages.LoginPageTest"/>
  <testcase name="testLogin" time="13.589" classname="com.home.test.pages.LoginPageTest"/>
  <testcase name="testLogin" time="10.125" classname="com.home.test.pages.LoginPageTest"/>
  <testcase name="testLogin" time="10.037" classname="com.home.test.pages.LoginPageTest"/>
  <testcase name="LogOut" time="8.454" classname="com.home.test.pages.LoginPageTest"/>
  <testcase name="LogOut" time="3.447" classname="com.home.test.pages.LoginPageTest"/>
</testsuite> <!-- com.home.test.pages.LoginPageTest -->
