<?xml version="1.0" encoding="UTF-8"?>
<!-- Generated by org.testng.reporters.JUnitReportReporter -->
<testsuite hostname="WIN-6TNKA2CT5MN" name="com.home.test.SearchPageTest" tests="1" failures="0" timestamp="26 Jun 2014 11:28:05 GMT" time="15.488" errors="0">
  <testcase name="testSearch" time="15.488" classname="com.home.test.SearchPageTest"/>
</testsuite> <!-- com.home.test.SearchPageTest -->
