<?xml version="1.0" encoding="UTF-8"?>
<!-- Generated by org.testng.reporters.JUnitReportReporter -->
<testsuite hostname="WIN-6TNKA2CT5MN" name="com.home.test.pages.HomePageTest" tests="6" failures="0" timestamp="7 Jul 2014 16:55:58 GMT" time="130.485" errors="0">
  <testcase name="testNotifications" time="14.372" classname="com.home.test.pages.HomePageTest"/>
  <testcase name="testDeals" time="38.372" classname="com.home.test.pages.HomePageTest"/>
  <testcase name="testDeals" time="31.148" classname="com.home.test.pages.HomePageTest"/>
  <testcase name="testNotifications" time="3.735" classname="com.home.test.pages.HomePageTest"/>
  <testcase name="testDeals" time="30.342" classname="com.home.test.pages.HomePageTest"/>
  <testcase name="testNotifications" time="12.516" classname="com.home.test.pages.HomePageTest"/>
</testsuite> <!-- com.home.test.pages.HomePageTest -->
