<?xml version="1.0" encoding="UTF-8"?>
<!-- Generated by org.testng.reporters.JUnitReportReporter -->
<testsuite hostname="WIN-6TNKA2CT5MN" name="com.home.test.LoginTest" tests="2" failures="0" timestamp="26 Jun 2014 11:28:05 GMT" time="32.827" errors="0">
  <testcase name="testLogin" time="27.847" classname="com.home.test.LoginTest"/>
  <testcase name="LogOut" time="4.980" classname="com.home.test.LoginTest"/>
</testsuite> <!-- com.home.test.LoginTest -->
