<?xml version="1.0" encoding="UTF-8"?>
<!-- Generated by org.testng.reporters.JUnitReportReporter -->
<testsuite hostname="WIN-6TNKA2CT5MN" name="com.home.test.pages.HomePageTest" tests="2" failures="0" timestamp="1 Jul 2014 17:12:00 GMT" time="36.144" errors="0">
  <testcase name="testNotifications" time="4.544" classname="com.home.test.pages.HomePageTest"/>
  <testcase name="testDeals" time="31.600" classname="com.home.test.pages.HomePageTest"/>
</testsuite> <!-- com.home.test.pages.HomePageTest -->
