<?xml version="1.0" encoding="UTF-8"?>
<!-- Generated by org.testng.reporters.JUnitReportReporter -->
<testsuite hostname="WIN-6TNKA2CT5MN" name="com.home.test.pages.SearchPageTest" tests="1" failures="0" timestamp="1 Jul 2014 16:29:00 GMT" time="133.697" errors="0">
  <testcase name="testSearch" time="133.697" classname="com.home.test.pages.SearchPageTest"/>
</testsuite> <!-- com.home.test.pages.SearchPageTest -->
