<?xml version="1.0" encoding="UTF-8"?>
<!-- Generated by org.testng.reporters.JUnitReportReporter -->
<testsuite hostname="WIN-6TNKA2CT5MN" name="com.home.test.pages.LoginTest" tests="2" failures="0" timestamp="1 Jul 2014 16:29:00 GMT" time="189.463" errors="0">
  <testcase name="testLogin" time="179.749" classname="com.home.test.pages.LoginTest"/>
  <testcase name="LogOut" time="9.714" classname="com.home.test.pages.LoginTest"/>
</testsuite> <!-- com.home.test.pages.LoginTest -->
