<?xml version="1.0" encoding="UTF-8"?>
<!-- Generated by org.testng.reporters.JUnitReportReporter -->
<testsuite hostname="WIN-6TNKA2CT5MN" name="com.home.test.pages.SearchPageTest" tests="1" failures="0" timestamp="7 Jul 2014 15:13:35 GMT" time="7.091" errors="0">
  <testcase name="testSearch" time="7.091" classname="com.home.test.pages.SearchPageTest"/>
</testsuite> <!-- com.home.test.pages.SearchPageTest -->
