<?xml version="1.0" encoding="UTF-8"?>
<!-- Generated by org.testng.reporters.JUnitReportReporter -->
<testsuite hostname="WIN-6TNKA2CT5MN" name="com.home.test.pages.LoginPageTest" tests="2" failures="0" timestamp="7 Jul 2014 15:13:35 GMT" time="31.728" errors="0">
  <testcase name="testLogin" time="29.354" classname="com.home.test.pages.LoginPageTest"/>
  <testcase name="LogOut" time="2.374" classname="com.home.test.pages.LoginPageTest"/>
</testsuite> <!-- com.home.test.pages.LoginPageTest -->
