<?xml version="1.0" encoding="UTF-8"?>
<!-- Generated by org.testng.reporters.JUnitReportReporter -->
<testsuite hostname="WIN-6TNKA2CT5MN" name="com.home.test.pages.HomePageTest" tests="2" failures="0" timestamp="7 Jul 2014 15:13:35 GMT" time="31.732" errors="0">
  <testcase name="testDeals" time="16.516" classname="com.home.test.pages.HomePageTest"/>
  <testcase name="testNotifications" time="15.216" classname="com.home.test.pages.HomePageTest"/>
</testsuite> <!-- com.home.test.pages.HomePageTest -->
